# JRE version: Java(TM) SE Runtime Environment (8.0_131-b11) (build 1.8.0_131-b11)
# Java VM: Java HotSpot(TM) 64-Bit Server VM (25.131-b11 mixed mode linux-amd64 compressed oops)
Heap:
 PSYoungGen      total 156160K, used 27670K [0x0000000782f00000, 0x000000078e400000, 0x00000007c0000000)
  eden space 148992K, 14% used [0x0000000782f00000,0x0000000784368388,0x000000078c080000)
  from space 7168K, 94% used [0x000000078dd00000,0x000000078e39d7d0,0x000000078e400000)
  to   space 15872K, 0% used [0x000000078c500000,0x000000078c500000,0x000000078d480000)
 ParOldGen       total 122880K, used 19496K [0x0000000708c00000, 0x0000000710400000, 0x0000000782f00000)
  object space 122880K, 15% used [0x0000000708c00000,0x0000000709f0a308,0x0000000710400000)
 Metaspace       used 43211K, capacity 44124K, committed 44376K, reserved 1087488K
  class space    used 5907K, capacity 6197K, committed 6272K, reserved 1048576K
GC Heap History (10 events):
Event: 7.031 GC heap before
{Heap before GC invocations=6 (full 1):
 PSYoungGen      total 72704K, used 72536K [0x0000000782f00000, 0x0000000789780000, 0x00000007c0000000)
  eden space 67584K, 100% used [0x0000000782f00000,0x0000000787100000,0x0000000787100000)
  from space 5120K, 96% used [0x0000000789280000,0x0000000789756338,0x0000000789780000)
  to   space 7680K, 0% used [0x0000000788880000,0x0000000788880000,0x0000000789000000)
 ParOldGen       total 89600K, used 10235K [0x0000000708c00000, 0x000000070e380000, 0x0000000782f00000)
  object space 89600K, 11% used [0x0000000708c00000,0x00000007095fec20,0x000000070e380000)
 Metaspace       used 29945K, capacity 30448K, committed 30720K, reserved 1075200K
  class space    used 4106K, capacity 4281K, committed 4352K, reserved 1048576K
Event: 7.044 GC heap after
Heap after GC invocations=6 (full 1):
 PSYoungGen      total 99328K, used 7559K [0x0000000782f00000, 0x000000078a380000, 0x00000007c0000000)
  eden space 91648K, 0% used [0x0000000782f00000,0x0000000782f00000,0x0000000788880000)
  from space 7680K, 98% used [0x0000000788880000,0x0000000788fe1ec8,0x0000000789000000)
  to   space 12288K, 0% used [0x0000000789780000,0x0000000789780000,0x000000078a380000)
 ParOldGen       total 89600K, used 10243K [0x0000000708c00000, 0x000000070e380000, 0x0000000782f00000)
  object space 89600K, 11% used [0x0000000708c00000,0x0000000709600c20,0x000000070e380000)
 Metaspace       used 29945K, capacity 30448K, committed 30720K, reserved 1075200K
  class space    used 4106K, capacity 4281K, committed 4352K, reserved 1048576K
}
Event: 8.555 GC heap before
{Heap before GC invocations=7 (full 1):
 PSYoungGen      total 99328K, used 99207K [0x0000000782f00000, 0x000000078a380000, 0x00000007c0000000)
  eden space 91648K, 100% used [0x0000000782f00000,0x0000000788880000,0x0000000788880000)
  from space 7680K, 98% used [0x0000000788880000,0x0000000788fe1ec8,0x0000000789000000)
  to   space 12288K, 0% used [0x0000000789780000,0x0000000789780000,0x000000078a380000)
 ParOldGen       total 89600K, used 10243K [0x0000000708c00000, 0x000000070e380000, 0x0000000782f00000)
  object space 89600K, 11% used [0x0000000708c00000,0x0000000709600c20,0x000000070e380000)
 Metaspace       used 34421K, capacity 35026K, committed 35416K, reserved 1079296K
  class space    used 4705K, capacity 4926K, committed 4992K, reserved 1048576K
Event: 8.575 GC heap after
Heap after GC invocations=7 (full 1):
 PSYoungGen      total 104448K, used 12273K [0x0000000782f00000, 0x000000078c980000, 0x00000007c0000000)
  eden space 92160K, 0% used [0x0000000782f00000,0x0000000782f00000,0x0000000788900000)
  from space 12288K, 99% used [0x0000000789780000,0x000000078a37c540,0x000000078a380000)
  to   space 14848K, 0% used [0x0000000788900000,0x0000000788900000,0x0000000789780000)
 ParOldGen       total 89600K, used 11825K [0x0000000708c00000, 0x000000070e380000, 0x0000000782f00000)
  object space 89600K, 13% used [0x0000000708c00000,0x000000070978c510,0x000000070e380000)
 Metaspace       used 34421K, capacity 35026K, committed 35416K, reserved 1079296K
  class space    used 4705K, capacity 4926K, committed 4992K, reserved 1048576K
}
Event: 8.683 GC heap before
{Heap before GC invocations=8 (full 1):
 PSYoungGen      total 104448K, used 25146K [0x0000000782f00000, 0x000000078c980000, 0x00000007c0000000)
  eden space 92160K, 13% used [0x0000000782f00000,0x0000000783b92450,0x0000000788900000)
  from space 12288K, 99% used [0x0000000789780000,0x000000078a37c540,0x000000078a380000)
  to   space 14848K, 0% used [0x0000000788900000,0x0000000788900000,0x0000000789780000)
 ParOldGen       total 89600K, used 11825K [0x0000000708c00000, 0x000000070e380000, 0x0000000782f00000)
  object space 89600K, 13% used [0x0000000708c00000,0x000000070978c510,0x000000070e380000)
 Metaspace       used 34703K, capacity 35250K, committed 35416K, reserved 1079296K
  class space    used 4745K, capacity 4958K, committed 4992K, reserved 1048576K
Event: 8.710 GC heap after
Heap after GC invocations=8 (full 1):
 PSYoungGen      total 107008K, used 12323K [0x0000000782f00000, 0x000000078ec80000, 0x00000007c0000000)
  eden space 92160K, 0% used [0x0000000782f00000,0x0000000782f00000,0x0000000788900000)
  from space 14848K, 82% used [0x0000000788900000,0x0000000789508e10,0x0000000789780000)
  to   space 15872K, 0% used [0x000000078dd00000,0x000000078dd00000,0x000000078ec80000)
 ParOldGen       total 89600K, used 11833K [0x0000000708c00000, 0x000000070e380000, 0x0000000782f00000)
  object space 89600K, 13% used [0x0000000708c00000,0x000000070978e510,0x000000070e380000)
 Metaspace       used 34703K, capacity 35250K, committed 35416K, reserved 1079296K
  class space    used 4745K, capacity 4958K, committed 4992K, reserved 1048576K
}
Event: 8.710 GC heap before
{Heap before GC invocations=9 (full 2):
 PSYoungGen      total 107008K, used 12323K [0x0000000782f00000, 0x000000078ec80000, 0x00000007c0000000)
  eden space 92160K, 0% used [0x0000000782f00000,0x0000000782f00000,0x0000000788900000)
  from space 14848K, 82% used [0x0000000788900000,0x0000000789508e10,0x0000000789780000)
  to   space 15872K, 0% used [0x000000078dd00000,0x000000078dd00000,0x000000078ec80000)
 ParOldGen       total 89600K, used 11833K [0x0000000708c00000, 0x000000070e380000, 0x0000000782f00000)
  object space 89600K, 13% used [0x0000000708c00000,0x000000070978e510,0x000000070e380000)
 Metaspace       used 34703K, capacity 35250K, committed 35416K, reserved 1079296K
  class space    used 4745K, capacity 4958K, committed 4992K, reserved 1048576K
Event: 8.895 GC heap after
Heap after GC invocations=9 (full 2):
 PSYoungGen      total 107008K, used 0K [0x0000000782f00000, 0x000000078ec80000, 0x00000007c0000000)
  eden space 92160K, 0% used [0x0000000782f00000,0x0000000782f00000,0x0000000788900000)
  from space 14848K, 0% used [0x0000000788900000,0x0000000788900000,0x0000000789780000)
  to   space 15872K, 0% used [0x000000078dd00000,0x000000078dd00000,0x000000078ec80000)
 ParOldGen       total 122880K, used 19416K [0x0000000708c00000, 0x0000000710400000, 0x0000000782f00000)
  object space 122880K, 15% used [0x0000000708c00000,0x0000000709ef62e0,0x0000000710400000)
 Metaspace       used 34703K, capacity 35250K, committed 35416K, reserved 1079296K
  class space    used 4745K, capacity 4958K, committed 4992K, reserved 1048576K
}
Event: 10.925 GC heap before
{Heap before GC invocations=10 (full 2):
 PSYoungGen      total 107008K, used 92160K [0x0000000782f00000, 0x000000078ec80000, 0x00000007c0000000)
  eden space 92160K, 100% used [0x0000000782f00000,0x0000000788900000,0x0000000788900000)
  from space 14848K, 0% used [0x0000000788900000,0x0000000788900000,0x0000000789780000)
  to   space 15872K, 0% used [0x000000078dd00000,0x000000078dd00000,0x000000078ec80000)
 ParOldGen       total 122880K, used 19416K [0x0000000708c00000, 0x0000000710400000, 0x0000000782f00000)
  object space 122880K, 15% used [0x0000000708c00000,0x0000000709ef62e0,0x0000000710400000)
 Metaspace       used 42769K, capacity 43556K, committed 43736K, reserved 1087488K
  class space    used 5832K, capacity 6097K, committed 6144K, reserved 1048576K
Event: 10.933 GC heap after
Heap after GC invocations=10 (full 2):
 PSYoungGen      total 156160K, used 6773K [0x0000000782f00000, 0x000000078e400000, 0x00000007c0000000)
  eden space 148992K, 0% used [0x0000000782f00000,0x0000000782f00000,0x000000078c080000)
  from space 7168K, 94% used [0x000000078dd00000,0x000000078e39d7d0,0x000000078e400000)
  to   space 15872K, 0% used [0x000000078c500000,0x000000078c500000,0x000000078d480000)
 ParOldGen       total 122880K, used 19496K [0x0000000708c00000, 0x0000000710400000, 0x0000000782f00000)
  object space 122880K, 15% used [0x0000000708c00000,0x0000000709f0a308,0x0000000710400000)
 Metaspace       used 42769K, capacity 43556K, committed 43736K, reserved 1087488K
  class space    used 5832K, capacity 6097K, committed 6144K, reserved 1048576K
}

