# JRE version: Java(TM) SE Runtime Environment (8.0_131-b11) (build 1.8.0_131-b11)
# Java VM: Java HotSpot(TM) 64-Bit Server VM (25.131-b11 mixed mode linux-amd64 compressed oops)
Heap:
 PSYoungGen      total 166912K, used 18848K [0x0000000782f00000, 0x000000078f480000, 0x00000007c0000000)
  eden space 158720K, 6% used [0x0000000782f00000,0x00000007839acc50,0x000000078ca00000)
  from space 8192K, 96% used [0x000000078ec80000,0x000000078f43b518,0x000000078f480000)
  to   space 15360K, 0% used [0x000000078d680000,0x000000078d680000,0x000000078e580000)
 ParOldGen       total 124416K, used 19489K [0x0000000708c00000, 0x0000000710580000, 0x0000000782f00000)
  object space 124416K, 15% used [0x0000000708c00000,0x0000000709f084c8,0x0000000710580000)
 Metaspace       used 43228K, capacity 44116K, committed 44376K, reserved 1087488K
  class space    used 5933K, capacity 6207K, committed 6272K, reserved 1048576K
GC Heap History (10 events):
Event: 10.058 GC heap before
{Heap before GC invocations=6 (full 1):
 PSYoungGen      total 75264K, used 75108K [0x0000000782f00000, 0x0000000789780000, 0x00000007c0000000)
  eden space 70144K, 100% used [0x0000000782f00000,0x0000000787380000,0x0000000787380000)
  from space 5120K, 96% used [0x0000000789280000,0x00000007897591f8,0x0000000789780000)
  to   space 7680K, 0% used [0x0000000788880000,0x0000000788880000,0x0000000789000000)
 ParOldGen       total 86016K, used 10213K [0x0000000708c00000, 0x000000070e000000, 0x0000000782f00000)
  object space 86016K, 11% used [0x0000000708c00000,0x00000007095f96c0,0x000000070e000000)
 Metaspace       used 30088K, capacity 30580K, committed 30976K, reserved 1075200K
  class space    used 4148K, capacity 4347K, committed 4352K, reserved 1048576K
Event: 10.117 GC heap after
Heap after GC invocations=6 (full 1):
 PSYoungGen      total 99328K, used 7664K [0x0000000782f00000, 0x000000078ae80000, 0x00000007c0000000)
  eden space 91648K, 0% used [0x0000000782f00000,0x0000000782f00000,0x0000000788880000)
  from space 7680K, 99% used [0x0000000788880000,0x0000000788ffc338,0x0000000789000000)
  to   space 12288K, 0% used [0x000000078a280000,0x000000078a280000,0x000000078ae80000)
 ParOldGen       total 86016K, used 10391K [0x0000000708c00000, 0x000000070e000000, 0x0000000782f00000)
  object space 86016K, 12% used [0x0000000708c00000,0x0000000709625fc8,0x000000070e000000)
 Metaspace       used 30088K, capacity 30580K, committed 30976K, reserved 1075200K
  class space    used 4148K, capacity 4347K, committed 4352K, reserved 1048576K
}
Event: 12.454 GC heap before
{Heap before GC invocations=7 (full 1):
 PSYoungGen      total 99328K, used 99312K [0x0000000782f00000, 0x000000078ae80000, 0x00000007c0000000)
  eden space 91648K, 100% used [0x0000000782f00000,0x0000000788880000,0x0000000788880000)
  from space 7680K, 99% used [0x0000000788880000,0x0000000788ffc338,0x0000000789000000)
  to   space 12288K, 0% used [0x000000078a280000,0x000000078a280000,0x000000078ae80000)
 ParOldGen       total 86016K, used 10391K [0x0000000708c00000, 0x000000070e000000, 0x0000000782f00000)
  object space 86016K, 12% used [0x0000000708c00000,0x0000000709625fc8,0x000000070e000000)
 Metaspace       used 34305K, capacity 34958K, committed 35416K, reserved 1079296K
  class space    used 4704K, capacity 4926K, committed 4992K, reserved 1048576K
Event: 12.496 GC heap after
Heap after GC invocations=7 (full 1):
 PSYoungGen      total 115712K, used 12271K [0x0000000782f00000, 0x000000078d280000, 0x00000007c0000000)
  eden space 103424K, 0% used [0x0000000782f00000,0x0000000782f00000,0x0000000789400000)
  from space 12288K, 99% used [0x000000078a280000,0x000000078ae7be58,0x000000078ae80000)
  to   space 14848K, 0% used [0x0000000789400000,0x0000000789400000,0x000000078a280000)
 ParOldGen       total 86016K, used 11823K [0x0000000708c00000, 0x000000070e000000, 0x0000000782f00000)
  object space 86016K, 13% used [0x0000000708c00000,0x000000070978be78,0x000000070e000000)
 Metaspace       used 34305K, capacity 34958K, committed 35416K, reserved 1079296K
  class space    used 4704K, capacity 4926K, committed 4992K, reserved 1048576K
}
Event: 12.857 GC heap before
{Heap before GC invocations=8 (full 1):
 PSYoungGen      total 115712K, used 24531K [0x0000000782f00000, 0x000000078d280000, 0x00000007c0000000)
  eden space 103424K, 11% used [0x0000000782f00000,0x0000000783af9058,0x0000000789400000)
  from space 12288K, 99% used [0x000000078a280000,0x000000078ae7be58,0x000000078ae80000)
  to   space 14848K, 0% used [0x0000000789400000,0x0000000789400000,0x000000078a280000)
 ParOldGen       total 86016K, used 11823K [0x0000000708c00000, 0x000000070e000000, 0x0000000782f00000)
  object space 86016K, 13% used [0x0000000708c00000,0x000000070978be78,0x000000070e000000)
 Metaspace       used 34591K, capacity 35182K, committed 35416K, reserved 1079296K
  class space    used 4744K, capacity 4958K, committed 4992K, reserved 1048576K
Event: 12.911 GC heap after
Heap after GC invocations=8 (full 1):
 PSYoungGen      total 118272K, used 12358K [0x0000000782f00000, 0x000000078fc00000, 0x00000007c0000000)
  eden space 103424K, 0% used [0x0000000782f00000,0x0000000782f00000,0x0000000789400000)
  from space 14848K, 83% used [0x0000000789400000,0x000000078a011ab0,0x000000078a280000)
  to   space 15872K, 0% used [0x000000078ec80000,0x000000078ec80000,0x000000078fc00000)
 ParOldGen       total 86016K, used 11823K [0x0000000708c00000, 0x000000070e000000, 0x0000000782f00000)
  object space 86016K, 13% used [0x0000000708c00000,0x000000070978be78,0x000000070e000000)
 Metaspace       used 34591K, capacity 35182K, committed 35416K, reserved 1079296K
  class space    used 4744K, capacity 4958K, committed 4992K, reserved 1048576K
}
Event: 12.911 GC heap before
{Heap before GC invocations=9 (full 2):
 PSYoungGen      total 118272K, used 12358K [0x0000000782f00000, 0x000000078fc00000, 0x00000007c0000000)
  eden space 103424K, 0% used [0x0000000782f00000,0x0000000782f00000,0x0000000789400000)
  from space 14848K, 83% used [0x0000000789400000,0x000000078a011ab0,0x000000078a280000)
  to   space 15872K, 0% used [0x000000078ec80000,0x000000078ec80000,0x000000078fc00000)
 ParOldGen       total 86016K, used 11823K [0x0000000708c00000, 0x000000070e000000, 0x0000000782f00000)
  object space 86016K, 13% used [0x0000000708c00000,0x000000070978be78,0x000000070e000000)
 Metaspace       used 34591K, capacity 35182K, committed 35416K, reserved 1079296K
  class space    used 4744K, capacity 4958K, committed 4992K, reserved 1048576K
Event: 13.232 GC heap after
Heap after GC invocations=9 (full 2):
 PSYoungGen      total 118272K, used 0K [0x0000000782f00000, 0x000000078fc00000, 0x00000007c0000000)
  eden space 103424K, 0% used [0x0000000782f00000,0x0000000782f00000,0x0000000789400000)
  from space 14848K, 0% used [0x0000000789400000,0x0000000789400000,0x000000078a280000)
  to   space 15872K, 0% used [0x000000078ec80000,0x000000078ec80000,0x000000078fc00000)
 ParOldGen       total 124416K, used 19409K [0x0000000708c00000, 0x0000000710580000, 0x0000000782f00000)
  object space 124416K, 15% used [0x0000000708c00000,0x0000000709ef44a0,0x0000000710580000)
 Metaspace       used 34591K, capacity 35182K, committed 35416K, reserved 1079296K
  class space    used 4744K, capacity 4958K, committed 4992K, reserved 1048576K
}
Event: 16.130 GC heap before
{Heap before GC invocations=10 (full 2):
 PSYoungGen      total 118272K, used 103424K [0x0000000782f00000, 0x000000078fc00000, 0x00000007c0000000)
  eden space 103424K, 100% used [0x0000000782f00000,0x0000000789400000,0x0000000789400000)
  from space 14848K, 0% used [0x0000000789400000,0x0000000789400000,0x000000078a280000)
  to   space 15872K, 0% used [0x000000078ec80000,0x000000078ec80000,0x000000078fc00000)
 ParOldGen       total 124416K, used 19409K [0x0000000708c00000, 0x0000000710580000, 0x0000000782f00000)
  object space 124416K, 15% used [0x0000000708c00000,0x0000000709ef44a0,0x0000000710580000)
 Metaspace       used 42952K, capacity 43698K, committed 43736K, reserved 1087488K
  class space    used 5886K, capacity 6124K, committed 6144K, reserved 1048576K
Event: 16.157 GC heap after
Heap after GC invocations=10 (full 2):
 PSYoungGen      total 166912K, used 7917K [0x0000000782f00000, 0x000000078f480000, 0x00000007c0000000)
  eden space 158720K, 0% used [0x0000000782f00000,0x0000000782f00000,0x000000078ca00000)
  from space 8192K, 96% used [0x000000078ec80000,0x000000078f43b518,0x000000078f480000)
  to   space 15360K, 0% used [0x000000078d680000,0x000000078d680000,0x000000078e580000)
 ParOldGen       total 124416K, used 19489K [0x0000000708c00000, 0x0000000710580000, 0x0000000782f00000)
  object space 124416K, 15% used [0x0000000708c00000,0x0000000709f084c8,0x0000000710580000)
 Metaspace       used 42952K, capacity 43698K, committed 43736K, reserved 1087488K
  class space    used 5886K, capacity 6124K, committed 6144K, reserved 1048576K
}

