# JRE version: Java(TM) SE Runtime Environment (8.0_131-b11) (build 1.8.0_131-b11)
# Java VM: Java HotSpot(TM) 64-Bit Server VM (25.131-b11 mixed mode linux-amd64 compressed oops)
Heap:
 PSYoungGen      total 181760K, used 2048K [0x0000000782f00000, 0x0000000796a80000, 0x00000007c0000000)
  eden space 179712K, 0% used [0x0000000782f00000,0x0000000782f00000,0x000000078de80000)
  from space 2048K, 100% used [0x000000078ee80000,0x000000078f080000,0x000000078f080000)
  to   space 16384K, 0% used [0x000000078de80000,0x000000078de80000,0x000000078ee80000)
 ParOldGen       total 92672K, used 25730K [0x0000000708c00000, 0x000000070e680000, 0x0000000782f00000)
  object space 92672K, 27% used [0x0000000708c00000,0x000000070a5209c0,0x000000070e680000)
 Metaspace       used 34624K, capacity 35178K, committed 35416K, reserved 1079296K
  class space    used 4747K, capacity 4958K, committed 4992K, reserved 1048576K
GC Heap History (10 events):
Event: 6.072 GC heap after
Heap after GC invocations=3 (full 0):
 PSYoungGen      total 101888K, used 7668K [0x0000000782f00000, 0x000000078f600000, 0x00000007c0000000)
  eden space 94208K, 0% used [0x0000000782f00000,0x0000000782f00000,0x0000000788b00000)
  from space 7680K, 99% used [0x0000000788b00000,0x000000078927d060,0x0000000789280000)
  to   space 7680K, 0% used [0x000000078ee80000,0x000000078ee80000,0x000000078f600000)
 ParOldGen       total 125952K, used 5313K [0x0000000708c00000, 0x0000000710700000, 0x0000000782f00000)
  object space 125952K, 4% used [0x0000000708c00000,0x00000007091307b8,0x0000000710700000)
 Metaspace       used 20770K, capacity 21060K, committed 21248K, reserved 1067008K
  class space    used 2864K, capacity 2965K, committed 3072K, reserved 1048576K
}
Event: 6.072 GC heap before
{Heap before GC invocations=4 (full 1):
 PSYoungGen      total 101888K, used 7668K [0x0000000782f00000, 0x000000078f600000, 0x00000007c0000000)
  eden space 94208K, 0% used [0x0000000782f00000,0x0000000782f00000,0x0000000788b00000)
  from space 7680K, 99% used [0x0000000788b00000,0x000000078927d060,0x0000000789280000)
  to   space 7680K, 0% used [0x000000078ee80000,0x000000078ee80000,0x000000078f600000)
 ParOldGen       total 125952K, used 5313K [0x0000000708c00000, 0x0000000710700000, 0x0000000782f00000)
  object space 125952K, 4% used [0x0000000708c00000,0x00000007091307b8,0x0000000710700000)
 Metaspace       used 20770K, capacity 21060K, committed 21248K, reserved 1067008K
  class space    used 2864K, capacity 2965K, committed 3072K, reserved 1048576K
Event: 6.264 GC heap after
Heap after GC invocations=4 (full 1):
 PSYoungGen      total 101888K, used 0K [0x0000000782f00000, 0x000000078f600000, 0x00000007c0000000)
  eden space 94208K, 0% used [0x0000000782f00000,0x0000000782f00000,0x0000000788b00000)
  from space 7680K, 0% used [0x0000000788b00000,0x0000000788b00000,0x0000000789280000)
  to   space 7680K, 0% used [0x000000078ee80000,0x000000078ee80000,0x000000078f600000)
 ParOldGen       total 92672K, used 10085K [0x0000000708c00000, 0x000000070e680000, 0x0000000782f00000)
  object space 92672K, 10% used [0x0000000708c00000,0x00000007095d9418,0x000000070e680000)
 Metaspace       used 20770K, capacity 21060K, committed 21248K, reserved 1067008K
  class space    used 2864K, capacity 2965K, committed 3072K, reserved 1048576K
}
Event: 9.316 GC heap before
{Heap before GC invocations=5 (full 1):
 PSYoungGen      total 101888K, used 94208K [0x0000000782f00000, 0x000000078f600000, 0x00000007c0000000)
  eden space 94208K, 100% used [0x0000000782f00000,0x0000000788b00000,0x0000000788b00000)
  from space 7680K, 0% used [0x0000000788b00000,0x0000000788b00000,0x0000000789280000)
  to   space 7680K, 0% used [0x000000078ee80000,0x000000078ee80000,0x000000078f600000)
 ParOldGen       total 92672K, used 10085K [0x0000000708c00000, 0x000000070e680000, 0x0000000782f00000)
  object space 92672K, 10% used [0x0000000708c00000,0x00000007095d9418,0x000000070e680000)
 Metaspace       used 27027K, capacity 27508K, committed 27776K, reserved 1073152K
  class space    used 3746K, capacity 3937K, committed 3968K, reserved 1048576K
Event: 9.340 GC heap after
Heap after GC invocations=5 (full 1):
 PSYoungGen      total 131584K, used 7650K [0x0000000782f00000, 0x000000078f600000, 0x00000007c0000000)
  eden space 123904K, 0% used [0x0000000782f00000,0x0000000782f00000,0x000000078a800000)
  from space 7680K, 99% used [0x000000078ee80000,0x000000078f5f8af8,0x000000078f600000)
  to   space 7680K, 0% used [0x000000078e700000,0x000000078e700000,0x000000078ee80000)
 ParOldGen       total 92672K, used 10535K [0x0000000708c00000, 0x000000070e680000, 0x0000000782f00000)
  object space 92672K, 11% used [0x0000000708c00000,0x0000000709649db0,0x000000070e680000)
 Metaspace       used 27027K, capacity 27508K, committed 27776K, reserved 1073152K
  class space    used 3746K, capacity 3937K, committed 3968K, reserved 1048576K
}
Event: 12.452 GC heap before
{Heap before GC invocations=6 (full 1):
 PSYoungGen      total 131584K, used 131554K [0x0000000782f00000, 0x000000078f600000, 0x00000007c0000000)
  eden space 123904K, 100% used [0x0000000782f00000,0x000000078a800000,0x000000078a800000)
  from space 7680K, 99% used [0x000000078ee80000,0x000000078f5f8af8,0x000000078f600000)
  to   space 7680K, 0% used [0x000000078e700000,0x000000078e700000,0x000000078ee80000)
 ParOldGen       total 92672K, used 10535K [0x0000000708c00000, 0x000000070e680000, 0x0000000782f00000)
  object space 92672K, 11% used [0x0000000708c00000,0x0000000709649db0,0x000000070e680000)
 Metaspace       used 34568K, capacity 35178K, committed 35416K, reserved 1079296K
  class space    used 4739K, capacity 4958K, committed 4992K, reserved 1048576K
Event: 12.508 GC heap after
Heap after GC invocations=6 (full 1):
 PSYoungGen      total 172032K, used 7679K [0x0000000782f00000, 0x000000078f080000, 0x00000007c0000000)
  eden space 164352K, 0% used [0x0000000782f00000,0x0000000782f00000,0x000000078cf80000)
  from space 7680K, 99% used [0x000000078e700000,0x000000078ee7fe18,0x000000078ee80000)
  to   space 2048K, 0% used [0x000000078ee80000,0x000000078ee80000,0x000000078f080000)
 ParOldGen       total 92672K, used 19806K [0x0000000708c00000, 0x000000070e680000, 0x0000000782f00000)
  object space 92672K, 21% used [0x0000000708c00000,0x0000000709f57998,0x000000070e680000)
 Metaspace       used 34568K, capacity 35178K, committed 35416K, reserved 1079296K
  class space    used 4739K, capacity 4958K, committed 4992K, reserved 1048576K
}
Event: 12.553 GC heap before
{Heap before GC invocations=7 (full 1):
 PSYoungGen      total 172032K, used 10911K [0x0000000782f00000, 0x000000078f080000, 0x00000007c0000000)
  eden space 164352K, 1% used [0x0000000782f00000,0x0000000783228080,0x000000078cf80000)
  from space 7680K, 99% used [0x000000078e700000,0x000000078ee7fe18,0x000000078ee80000)
  to   space 2048K, 0% used [0x000000078ee80000,0x000000078ee80000,0x000000078f080000)
 ParOldGen       total 92672K, used 19806K [0x0000000708c00000, 0x000000070e680000, 0x0000000782f00000)
  object space 92672K, 21% used [0x0000000708c00000,0x0000000709f57998,0x000000070e680000)
 Metaspace       used 34624K, capacity 35178K, committed 35416K, reserved 1079296K
  class space    used 4747K, capacity 4958K, committed 4992K, reserved 1048576K
Event: 12.579 GC heap after
Heap after GC invocations=7 (full 1):
 PSYoungGen      total 181760K, used 2048K [0x0000000782f00000, 0x0000000796a80000, 0x00000007c0000000)
  eden space 179712K, 0% used [0x0000000782f00000,0x0000000782f00000,0x000000078de80000)
  from space 2048K, 100% used [0x000000078ee80000,0x000000078f080000,0x000000078f080000)
  to   space 16384K, 0% used [0x000000078de80000,0x000000078de80000,0x000000078ee80000)
 ParOldGen       total 92672K, used 25730K [0x0000000708c00000, 0x000000070e680000, 0x0000000782f00000)
  object space 92672K, 27% used [0x0000000708c00000,0x000000070a5209c0,0x000000070e680000)
 Metaspace       used 34624K, capacity 35178K, committed 35416K, reserved 1079296K
  class space    used 4747K, capacity 4958K, committed 4992K, reserved 1048576K
}
Event: 12.579 GC heap before
{Heap before GC invocations=8 (full 2):
 PSYoungGen      total 181760K, used 2048K [0x0000000782f00000, 0x0000000796a80000, 0x00000007c0000000)
  eden space 179712K, 0% used [0x0000000782f00000,0x0000000782f00000,0x000000078de80000)
  from space 2048K, 100% used [0x000000078ee80000,0x000000078f080000,0x000000078f080000)
  to   space 16384K, 0% used [0x000000078de80000,0x000000078de80000,0x000000078ee80000)
 ParOldGen       total 92672K, used 25730K [0x0000000708c00000, 0x000000070e680000, 0x0000000782f00000)
  object space 92672K, 27% used [0x0000000708c00000,0x000000070a5209c0,0x000000070e680000)
 Metaspace       used 34624K, capacity 35178K, committed 35416K, reserved 1079296K
  class space    used 4747K, capacity 4958K, committed 4992K, reserved 1048576K

